Base path: E:/Program Files/Unity/Editor/Data
Pipe name: \\.\pipe\UnityShaderCompiler-64bit-5-5352
Cmd: getPlatforms
Cmd: compileSnippet
  api=8 type=0 insize=9591 outsize=17047 kw= ok=1
Cmd: compileSnippet
  api=1 type=0 insize=7257 outsize=1481 kw=DIRECTIONAL SHADOWS_OFF LIGHTMAP_OFF DIRLIGHTMAP_OFF DYNAMICLIGHTMAP_OFF VERTEXLIGHT_ON ok=1
Cmd: compileSnippet
  api=4 type=0 insize=7257 outsize=6661 kw=DIRECTIONAL SHADOWS_SCREEN LIGHTMAP_OFF DIRLIGHTMAP_OFF DYNAMICLIGHTMAP_OFF VERTEXLIGHT_ON ok=1
Cmd: compileSnippet
  api=8 type=0 insize=7257 outsize=10433 kw=DIRECTIONAL SHADOWS_SCREEN SHADOWS_NATIVE LIGHTMAP_OFF DIRLIGHTMAP_OFF DYNAMICLIGHTMAP_OFF VERTEXLIGHT_ON ok=1
Cmd: compileSnippet
  api=1 type=1 insize=7257 outsize=634 kw=DIRECTIONAL SHADOWS_SCREEN LIGHTMAP_OFF DIRLIGHTMAP_OFF DYNAMICLIGHTMAP_OFF ok=1
Cmd: compileSnippet
  api=0 type=0 insize=4694 outsize=2824 kw=DIRECTIONAL ok=1
Cmd: compileSnippet
  api=0 type=1 insize=4694 outsize=6 kw=DIRECTIONAL ok=1
Cmd: compileSnippet
  api=4 type=1 insize=4694 outsize=3216 kw=SPOT ok=1
Cmd: compileSnippet
  api=8 type=1 insize=4694 outsize=3746 kw=DIRECTIONAL_COOKIE ok=1
Cmd: compileSnippet
  api=4 type=1 insize=3899 outsize=1510 kw= ok=1
Cmd: compileSnippet
  api=4 type=0 insize=6246 outsize=4061 kw=LIGHTMAP_OFF DIRLIGHTMAP_OFF DYNAMICLIGHTMAP_OFF HDR_LIGHT_PREPASS_OFF ok=1
Cmd: compileSnippet
  api=4 type=1 insize=6246 outsize=1347 kw=LIGHTMAP_OFF DIRLIGHTMAP_OFF DYNAMICLIGHTMAP_OFF HDR_LIGHT_PREPASS_OFF ok=1
Cmd: compileSnippet
  api=1 type=0 insize=7116 outsize=956 kw=LIGHTMAP_OFF DIRLIGHTMAP_OFF DYNAMICLIGHTMAP_OFF UNITY_HDR_ON ok=1
Cmd: compileSnippet
  api=0 type=1 insize=7116 outsize=6 kw=LIGHTMAP_OFF DIRLIGHTMAP_OFF DYNAMICLIGHTMAP_OFF UNITY_HDR_ON ok=1
Cmd: compileSnippet
  api=1 type=0 insize=7178 outsize=941 kw=DIRECTIONAL LIGHTMAP_OFF DIRLIGHTMAP_OFF DYNAMICLIGHTMAP_OFF ok=1
Cmd: compileSnippet
  api=1 type=0 insize=4616 outsize=725 kw=DIRECTIONAL ok=1
Cmd: compileSnippet
  api=0 type=0 insize=4616 outsize=3190 kw=POINT_COOKIE ok=1
Cmd: compileSnippet
  api=0 type=1 insize=4616 outsize=6 kw=DIRECTIONAL ok=1
Cmd: compileSnippet
  api=1 type=1 insize=4616 outsize=882 kw=SPOT ok=1
Cmd: compileSnippet
  api=4 type=1 insize=4616 outsize=2444 kw=DIRECTIONAL_COOKIE ok=1
